<?xml version="1.0" encoding="UTF-8"?>
<coverage generated="1687971768927" clover="3.2.0">
  <project timestamp="1687971768927" name="All files">
    <metrics statements="5" coveredstatements="5" conditionals="0" coveredconditionals="0" methods="1" coveredmethods="1" elements="6" coveredelements="6" complexity="0" loc="5" ncloc="5" packages="1" files="1" classes="1"/>
    <file name="giphyService.ts" path="/Users/lmdelgallego/Documents/WORKSPACES/BlueCoding/app/src/modules/giphy/infrastructure/giphyService.ts">
      <metrics statements="5" coveredstatements="5" conditionals="0" coveredconditionals="0" methods="1" coveredmethods="1"/>
      <line num="1" count="1" type="stmt"/>
      <line num="4" count="1" type="stmt"/>
      <line num="5" count="1" type="stmt"/>
      <line num="11" count="1" type="stmt"/>
      <line num="14" count="1" type="stmt"/>
    </file>
  </project>
</coverage>
