{"/Users/lmdelgallego/Documents/WORKSPACES/BlueCoding/app/src/modules/giphy/infrastructure/giphyService.ts": {"path":"/Users/lmdelgallego/Documents/WORKSPACES/BlueCoding/app/src/modules/giphy/infrastructure/giphyService.ts","statementMap":{"0":{"start":{"line":1,"column":0},"end":{"line":1,"column":null}},"1":{"start":{"line":4,"column":16},"end":{"line":12,"column":1}},"2":{"start":{"line":5,"column":19},"end":{"line":10,"column":4}},"3":{"start":{"line":11,"column":2},"end":{"line":11,"column":null}},"4":{"start":{"line":14,"column":0},"end":{"line":16,"column":null}}},"fnMap":{"0":{"name":"(anonymous_0)","decl":{"start":{"line":4,"column":16},"end":{"line":4,"column":23}},"loc":{"start":{"line":4,"column":45},"end":{"line":12,"column":1}}}},"branchMap":{},"s":{"0":1,"1":1,"2":1,"3":1,"4":1},"f":{"0":1},"b":{}}
}
